Are there any null values
====================================================================================================
0
0
0
0
0
0
0
0
0
0
0
0
0
0
0
0
0
0
0
0
0
0
====================================================================================================
Transaction Counts
====================================================================================================
10297
 1908
====================================================================================================
Transactions as Percentages
====================================================================================================
0.843671
0.156329
====================================================================================================
Unique Customer Types
====================================================================================================
['Returning_Customer', 'New_Customer', 'Other']
Categories (3, object): ['New_Customer', 'Other', 'Returning_Customer']
====================================================================================================
Counts per Customer Type
====================================================================================================
Customer_Type     
10431
 1693
   81
====================================================================================================
Customer Counts Cross Tabulated by Transaction Success
====================================================================================================
 New_Customer  Other  Returning_Customer   All
         1271     65                8961 10297
          422     16                1470  1908
         1693     81               10431 12205
====================================================================================================
Customer Counts Cross Tabulated by Transaction Success
====================================================================================================
 New_Customer    Other  Returning_Customer
     0.104138 0.005326            0.734207
     0.034576 0.001311            0.120442
====================================================================================================
Describe System F1-F5 Features
====================================================================================================
    SystemF1     SystemF2     SystemF3     SystemF4     SystemF5
12205.000000 12205.000000 12205.000000 12205.000000 12205.000000
    2.124211     2.357804     3.153298     4.073904     3.003687
    0.906823     1.710114     2.402340     4.016654     1.409130
    1.000000     1.000000     1.000000     1.000000     1.000000
    2.000000     2.000000     1.000000     2.000000     2.000000
    2.000000     2.000000     3.000000     2.000000     3.000000
    3.000000     2.000000     4.000000     4.000000     4.000000
    8.000000    13.000000     9.000000    20.000000     5.000000
====================================================================================================
Show Skew For F1-F5 Features
====================================================================================================
2.032613
3.217404
0.978480
1.958514
0.002078
====================================================================================================
Describe Page Features
====================================================================================================
 Account_Page    Info_Page  ProductPage
 12205.000000 12205.000000 12205.000000
     2.338878     0.508726    32.045637
     3.330436     1.275617    44.593649
     0.000000     0.000000     0.000000
     0.000000     0.000000     8.000000
     1.000000     0.000000    18.000000
     4.000000     0.000000    38.000000
    27.000000    24.000000   705.000000
====================================================================================================
Show Skew For Page Features
====================================================================================================
1.947123
4.014173
4.333419
====================================================================================================
Describe Page Time Features
====================================================================================================
 Account_Page_Time  Info_Page_Time  ProductPage_Time
      12205.000000    12205.000000      12205.000000
         81.646331       34.825454       1206.982457
        177.491845      141.424807       1919.601400
          0.000000        0.000000          0.000000
          0.000000        0.000000        193.000000
          9.000000        0.000000        608.942857
         94.700000        0.000000       1477.154762
       3398.750000     2549.375000      63973.522230
====================================================================================================
Show Skew For Page Time Features
====================================================================================================
5.592152
7.540291
7.253161
====================================================================================================
Describe Days Features
====================================================================================================
       Month
12205.000000
    7.394674
    3.622622
    2.000000
    4.000000
    8.000000
   11.000000
   12.000000
====================================================================================================
Cross Tab Transactions By Month
====================================================================================================
  2    3    4   6   7   8   9  10   11   12   All
178 1668 2964 256 366 357 362 434 2222 1490 10297
  3  192  365  29  66  76  86 115  760  216  1908
181 1860 3329 285 432 433 448 549 2982 1706 12205
====================================================================================================
Cross Tab Transactions By Month (Percentage)
====================================================================================================
  2    3    4    6    7    8    9    10   11   12
0.01 0.14 0.24 0.02 0.03 0.03 0.03 0.04 0.18 0.12
0.00 0.02 0.03 0.00 0.01 0.01 0.01 0.01 0.06 0.02
====================================================================================================
Show Skew For Days Features
====================================================================================================
 0.001248
-1.255097
====================================================================================================
Show How Many times Different weekdays occur
====================================================================================================
9346
2859
====================================================================================================
Cross Tab Transaction by Holiday
====================================================================================================
    0  0.2  0.4  0.6  0.8   1   All
 9125  164  230  321  313 144 10297
 1831   14   13   29   11  10  1908
10956  178  243  350  324 154 12205
====================================================================================================
Cross Tab Transaction by Holiday (Percentage)
====================================================================================================
    0   0.2   0.4   0.6   0.8     1
0.748 0.013 0.019 0.026 0.026 0.012
0.150 0.001 0.001 0.002 0.001 0.001
====================================================================================================
Describe Ad Campaigns
====================================================================================================
 Ad_Campaign_1  Ad_Campaign2  Ad_Campaign3
  12205.000000  12205.000000  12205.000000
      0.016796      0.016796      0.016796
      0.128513      0.128513      0.128513
      0.000000      0.000000      0.000000
      0.000000      0.000000      0.000000
      0.000000      0.000000      0.000000
      0.000000      0.000000      0.000000
      1.000000      1.000000      1.000000
====================================================================================================
Count How Many Records were Collected During Ad Campaigns
====================================================================================================
Ad_Campaign_1  Ad_Campaign2  Ad_Campaign3
11590
  205
  205
  205
====================================================================================================
Cross Tab Ad Campaign 1 with Transactions
====================================================================================================
    0    1   All
10101 1899 12000
  196    9   205
10297 1908 12205
====================================================================================================
Cross Tab Ad Campaign 2 with Transactions
====================================================================================================
    0    1   All
10123 1877 12000
  174   31   205
10297 1908 12205
====================================================================================================
Cross Tab Ad Campaign 3 with Transactions
====================================================================================================
    0    1   All
10128 1872 12000
  169   36   205
10297 1908 12205
====================================================================================================
Describe Google Analytics Features
====================================================================================================
 GoogleAnalytics_BR  GoogleAnalytics_ER  GoogleAnalytics_PV
       12205.000000        12205.000000        12205.000000
           0.020370            0.041466            5.949574
           0.045255            0.046163           18.653671
           0.000000            0.000000            0.000000
           0.000000            0.014231            0.000000
           0.002899            0.025000            0.000000
           0.016667            0.048529            0.000000
           0.200000            0.200000          361.763742
====================================================================================================
Show Google Analytics Feature Skew
====================================================================================================
3.162425
2.234645
6.350983
====================================================================================================
